2021-09-27 03:02:23,336  INFO [main] StepDefinition:25 - Successfully closed the popup
2021-09-27 03:02:29,145  INFO [main] StepDefinition:43 - succesfully clicked on the particular storage unit
2021-09-27 03:02:29,268  INFO [main] StepDefinition:61 - successfully got the title of the product
2021-09-27 03:02:44,790  INFO [main] StepDefinition:18 - Successfully closed the popup
2021-09-27 03:02:45,692  INFO [main] StepDefinition:33 - Successfully enter the keys
2021-09-27 03:02:53,398  INFO [main] StepDefinition:52 - successfully clicked on the product
2021-09-27 03:03:08,604  INFO [main] StepDefinition:18 - Successfully closed the popup
2021-09-27 03:03:09,286  INFO [main] StepDefinition:33 - Successfully enter the keys
2021-09-27 03:03:15,261  INFO [main] StepDefinition:52 - successfully clicked on the product
2021-09-27 03:03:30,448  INFO [main] StepDefinition:21 - Successfully closed the popup
2021-09-27 03:03:37,307  INFO [main] StepDefinition:48 - Successfully identifed the elements and clicked on it
2021-09-27 03:03:39,627  INFO [main] StepDefinition:74 - Successfully verified that the visacard are present
2021-09-27 03:03:42,728  INFO [main] StepDefinition:89 - successfully navigated to the facebook page
2021-09-27 03:03:57,445  INFO [main] StepDefinition:21 - Successfully closed the popup
2021-09-27 03:04:49,018  INFO [main] StepDefinition:18 - Successfully closed the popup
2021-09-27 03:04:57,060  INFO [main] StepDefinition:34 - successfully clicked on the track order button
2021-09-27 03:04:59,166  INFO [main] StepDefinition:38 - successfully send the keys
2021-09-27 03:05:01,333  INFO [main] StepDefinition:42 - successfully send the phonenumber
2021-09-27 03:05:01,370  INFO [main] StepDefinition:59 - successfully got cin number
2021-09-27 16:45:21,494  INFO [main] StepDefinition:25 - Successfully closed the popup
2021-09-27 16:45:27,866  INFO [main] StepDefinition:43 - succesfully clicked on the particular storage unit
2021-09-27 16:45:28,284  INFO [main] StepDefinition:61 - successfully got the title of the product
2021-09-27 16:45:42,509  INFO [main] StepDefinition:18 - Successfully closed the popup
2021-09-27 16:45:43,377  INFO [main] StepDefinition:33 - Successfully enter the keys
2021-09-27 16:45:49,707  INFO [main] StepDefinition:52 - successfully clicked on the product
2021-09-27 16:46:04,695  INFO [main] StepDefinition:18 - Successfully closed the popup
2021-09-27 16:46:05,482  INFO [main] StepDefinition:33 - Successfully enter the keys
2021-09-27 16:46:11,556  INFO [main] StepDefinition:52 - successfully clicked on the product
2021-09-27 16:46:26,439  INFO [main] StepDefinition:21 - Successfully closed the popup
2021-09-27 16:46:32,954  INFO [main] StepDefinition:48 - Successfully identifed the elements and clicked on it
2021-09-27 16:46:35,076  INFO [main] StepDefinition:74 - Successfully verified that the visacard are present
2021-09-27 16:46:37,284  INFO [main] StepDefinition:89 - successfully navigated to the facebook page
2021-09-27 16:46:52,647  INFO [main] StepDefinition:21 - Successfully closed the popup
2021-09-27 16:46:57,944  INFO [main] StepDefinition:37 - Successfully clicked on the Aboutus
2021-09-27 16:47:00,180  INFO [main] StepDefinition:40 - Successfully clicked on the Careers button
2021-09-27 16:47:00,325  INFO [main] StepDefinition:55 - Successfully clicked on the apply now
2021-09-27 16:47:00,886  INFO [main] StepDefinition:64 - Successfully printed the roles that they required
2021-09-27 16:47:17,123  INFO [main] StepDefinition:18 - Successfully closed the popup
2021-09-27 16:47:23,945  INFO [main] StepDefinition:34 - successfully clicked on the track order button
2021-09-27 16:47:26,088  INFO [main] StepDefinition:38 - successfully send the keys
2021-09-27 16:47:28,227  INFO [main] StepDefinition:42 - successfully send the phonenumber
2021-09-27 16:47:28,298  INFO [main] StepDefinition:59 - successfully got cin number
2021-09-27 16:47:42,472  INFO [main] StepDefinition:18 - Successfully closed the popup
2021-09-27 16:47:49,018  INFO [main] StepDefinition:34 - successfully clicked on the track order button
2021-09-27 16:47:51,197  INFO [main] StepDefinition:38 - successfully send the keys
2021-09-27 16:47:53,365  INFO [main] StepDefinition:42 - successfully send the phonenumber
2021-09-27 16:47:53,417  INFO [main] StepDefinition:59 - successfully got cin number
2021-09-27 16:48:08,064  INFO [main] StepDefinition:21 - Successfully closed the popup
2021-09-27 16:48:12,201  INFO [main] StepDefinition:37 - The collection tab is hovered successfully
2021-09-27 16:48:15,469  INFO [main] StepDefinition:51 - The bestseller tab is clicked successfully
2021-09-27 16:48:17,684  INFO [main] StepDefinition:70 - Successfully the number of items and each section with price is printed
2021-09-27 16:48:32,295  INFO [main] StepDefinition:21 - Successfully closed the popup
2021-09-27 16:48:38,326  INFO [main] StepDefinition:37 - successfully clicked on the gifcard icon
2021-09-27 16:48:40,549  INFO [main] StepDefinition:51 - successfully clicked on the required occasion
2021-09-27 16:48:42,809  INFO [main] StepDefinition:65 - successfully entered the required amount
2021-09-27 16:48:44,941  INFO [main] StepDefinition:69 - successfully clicked on the month
2021-09-27 16:48:45,136  INFO [main] StepDefinition:76 - successfully clicked on the required month
2021-09-27 16:49:02,987  INFO [main] StepDefinition:17 - Successfully closed the popup
2021-09-27 16:49:05,150  INFO [main] StepDefinition:33 - successfully clicked on the living unit
2021-09-27 16:49:08,803  INFO [main] StepDefinition:47 - successfully clicked on the type of sofasets
2021-09-27 16:49:10,868  INFO [main] StepDefinition:62 - successfully printed the count of the products
2021-09-27 16:49:25,437  INFO [main] StepDefinition:24 - Successfully closed the popup
2021-09-27 16:49:27,576  INFO [main] StepDefinition:40 - successfuly clicked on the dining button on the homepage
2021-09-27 16:49:30,845  INFO [main] StepDefinition:54 - The chair pads are succesffully clicked
2021-09-27 16:49:39,482  INFO [main] StepDefinition:78 - successfully clickedon the add to compare
2021-09-27 16:49:53,781  INFO [main] StepDefinition:19 - Successfully closed the popup
2021-09-27 16:49:55,920  INFO [main] StepDefinition:35 - Successfully the decor unit is hovered
2021-09-27 16:49:59,658  INFO [main] StepDefinition:39 - The decor unit is clicked successfully
2021-09-27 16:50:02,335  INFO [main] StepDefinition:52 - The product is added to cart successfully
2021-09-27 16:50:09,343  INFO [main] StepDefinition:62 - Successfully the product is added to the cart
